banbif/untitled folder/banbif-mobile-empresas/android/app/build/intermediates/manifest_merge_blame_file/release/manifest-merger-blame-release-report.txt
1<?xml version="1.0" encoding="utf-8"?>
2<manifest xmlns:android="http://schemas.android.com/apk/res/android"
3    package="com.banbifbancaempresasapp"
4    android:versionCode="24"
5    android:versionName="1.2.13" >
6
7    <uses-sdk
8        android:minSdkVersion="23"
8-->src/main/AndroidManifest.xml
9        android:targetSdkVersion="33" />
9-->src/main/AndroidManifest.xml
10
11    <uses-permission android:name="android.permission.INTERNET" />
11-->src/main/AndroidManifest.xml:5:5-67
11-->src/main/AndroidManifest.xml:5:22-64
12    <uses-permission android:name="android.permission.READ_PHONE_STATE" />
12-->src/main/AndroidManifest.xml:6:5-75
12-->src/main/AndroidManifest.xml:6:22-72
13    <uses-permission android:name="android.permission.ACCESS_NETWORK_STATE" />
13-->[:react-native-community_netinfo] AndroidManifest.xml:7:5-79
13-->[:react-native-community_netinfo] AndroidManifest.xml:7:22-76
14    <uses-permission android:name="android.permission.ACCESS_WIFI_STATE" />
14-->[:react-native-community_netinfo] AndroidManifest.xml:8:5-76
14-->[:react-native-community_netinfo] AndroidManifest.xml:8:22-73
15    <uses-permission android:name="android.permission.USE_BIOMETRIC" />
15-->[:react-native-sensitive-info] AndroidManifest.xml:7:5-72
15-->[:react-native-sensitive-info] AndroidManifest.xml:7:22-69
16    <uses-permission android:name="android.permission.USE_FINGERPRINT" /> <!-- Required by older versions of Google Play services to create IID tokens -->
16-->[:react-native-sensitive-info] AndroidManifest.xml:8:5-74
16-->[:react-native-sensitive-info] AndroidManifest.xml:8:22-71
17    <uses-permission android:name="com.google.android.c2dm.permission.RECEIVE" />
17-->[com.google.android.gms:play-services-iid:17.0.0] AndroidManifest.xml:23:5-82
17-->[com.google.android.gms:play-services-iid:17.0.0] AndroidManifest.xml:23:22-79
18    <uses-permission android:name="com.google.android.finsky.permission.BIND_GET_INSTALL_REFERRER_SERVICE" />
18-->[com.android.installreferrer:installreferrer:1.1.2] AndroidManifest.xml:9:5-110
18-->[com.android.installreferrer:installreferrer:1.1.2] AndroidManifest.xml:9:22-107
19
20    <application
20-->src/main/AndroidManifest.xml:8:5-29:19
21        android:name="com.banbifbancaempresasapp.MainApplication"
21-->src/main/AndroidManifest.xml:9:7-38
22        android:allowBackup="false"
22-->src/main/AndroidManifest.xml:14:7-34
23        android:appComponentFactory="androidx.core.app.CoreComponentFactory"
23-->[androidx.core:core:1.8.0] AndroidManifest.xml:24:18-86
24        android:extractNativeLibs="false"
25        android:icon="@mipmap/ic_launcher"
25-->src/main/AndroidManifest.xml:11:7-41
26        android:label="@string/app_name"
26-->src/main/AndroidManifest.xml:10:7-39
27        android:networkSecurityConfig="@xml/network_security_config"
27-->src/main/AndroidManifest.xml:15:7-67
28        android:roundIcon="@mipmap/ic_launcher_round"
28-->src/main/AndroidManifest.xml:12:7-52
29        android:theme="@style/AppTheme" >
29-->src/main/AndroidManifest.xml:16:7-38
30        <activity
30-->src/main/AndroidManifest.xml:17:7-28:18
31            android:name="com.banbifbancaempresasapp.MainActivity"
31-->src/main/AndroidManifest.xml:18:9-37
32            android:configChanges="keyboard|keyboardHidden|orientation|screenLayout|screenSize|smallestScreenSize|uiMode"
32-->src/main/AndroidManifest.xml:20:9-118
33            android:exported="true"
33-->src/main/AndroidManifest.xml:23:9-32
34            android:label="@string/app_name"
34-->src/main/AndroidManifest.xml:19:9-41
35            android:launchMode="singleTask"
35-->src/main/AndroidManifest.xml:21:9-40
36            android:windowSoftInputMode="adjustResize" >
36-->src/main/AndroidManifest.xml:22:9-51
37            <intent-filter>
37-->src/main/AndroidManifest.xml:24:9-27:25
38                <action android:name="android.intent.action.MAIN" />
38-->src/main/AndroidManifest.xml:25:13-65
38-->src/main/AndroidManifest.xml:25:21-62
39
40                <category android:name="android.intent.category.LAUNCHER" />
40-->src/main/AndroidManifest.xml:26:13-73
40-->src/main/AndroidManifest.xml:26:23-70
41            </intent-filter>
42        </activity>
43        <activity
43-->[androidx.biometric:biometric:1.0.1] AndroidManifest.xml:28:9-31:67
44            android:name="androidx.biometric.DeviceCredentialHandlerActivity"
44-->[androidx.biometric:biometric:1.0.1] AndroidManifest.xml:29:13-78
45            android:exported="true"
45-->[androidx.biometric:biometric:1.0.1] AndroidManifest.xml:30:13-36
46            android:theme="@style/DeviceCredentialHandlerTheme" />
46-->[androidx.biometric:biometric:1.0.1] AndroidManifest.xml:31:13-64
47        <activity
47-->[com.google.android.gms:play-services-base:17.0.0] AndroidManifest.xml:23:9-26:75
48            android:name="com.google.android.gms.common.api.GoogleApiActivity"
48-->[com.google.android.gms:play-services-base:17.0.0] AndroidManifest.xml:24:13-79
49            android:exported="false"
49-->[com.google.android.gms:play-services-base:17.0.0] AndroidManifest.xml:25:13-37
50            android:theme="@android:style/Theme.Translucent.NoTitleBar" />
50-->[com.google.android.gms:play-services-base:17.0.0] AndroidManifest.xml:26:13-72
51
52        <meta-data
52-->[com.google.android.gms:play-services-basement:17.0.0] AndroidManifest.xml:23:9-25:69
53            android:name="com.google.android.gms.version"
53-->[com.google.android.gms:play-services-basement:17.0.0] AndroidManifest.xml:24:13-58
54            android:value="@integer/google_play_services_version" />
54-->[com.google.android.gms:play-services-basement:17.0.0] AndroidManifest.xml:25:13-66
55
56        <provider
56-->[androidx.emoji2:emoji2:1.2.0] AndroidManifest.xml:24:9-32:20
57            android:name="androidx.startup.InitializationProvider"
57-->[androidx.emoji2:emoji2:1.2.0] AndroidManifest.xml:25:13-67
58            android:authorities="com.banbifbancaempresasapp.androidx-startup"
58-->[androidx.emoji2:emoji2:1.2.0] AndroidManifest.xml:26:13-68
59            android:exported="false" >
59-->[androidx.emoji2:emoji2:1.2.0] AndroidManifest.xml:27:13-37
60            <meta-data
60-->[androidx.emoji2:emoji2:1.2.0] AndroidManifest.xml:29:13-31:52
61                android:name="androidx.emoji2.text.EmojiCompatInitializer"
61-->[androidx.emoji2:emoji2:1.2.0] AndroidManifest.xml:30:17-75
62                android:value="androidx.startup" />
62-->[androidx.emoji2:emoji2:1.2.0] AndroidManifest.xml:31:17-49
63            <meta-data
63-->[androidx.lifecycle:lifecycle-process:2.4.1] AndroidManifest.xml:31:13-33:52
64                android:name="androidx.lifecycle.ProcessLifecycleInitializer"
64-->[androidx.lifecycle:lifecycle-process:2.4.1] AndroidManifest.xml:32:17-78
65                android:value="androidx.startup" />
65-->[androidx.lifecycle:lifecycle-process:2.4.1] AndroidManifest.xml:33:17-49
66        </provider>
67    </application>
68
69</manifest>